<<<<<<< HEAD
2023-11-27 08:04:37 INFO  BCryptPasswordHashing:26 - Đã mã hóa mật khẩu thành công
=======
<<<<<<< HEAD
2023-11-04 15:45:16 INFO  BCryptPasswordHashing:19 - Đã mã hóa mật khẩu thành công
2023-11-04 15:45:17 INFO  BCryptPasswordHashing:19 - Đã mã hóa mật khẩu thành công
2023-11-04 15:45:18 INFO  BCryptPasswordHashing:19 - Đã mã hóa mật khẩu thành công
2023-11-04 15:45:19 INFO  BCryptPasswordHashing:19 - Đã mã hóa mật khẩu thành công
2023-11-04 15:45:20 INFO  BCryptPasswordHashing:19 - Đã mã hóa mật khẩu thành công
2023-11-04 15:45:22 INFO  BCryptPasswordHashing:19 - Đã mã hóa mật khẩu thành công
2023-11-10 09:38:49 INFO  BCryptPasswordHashing:26 - Đã mã hóa mật khẩu thành công
2023-11-10 09:38:51 INFO  BCryptPasswordHashing:26 - Đã mã hóa mật khẩu thành công
2023-11-10 09:38:52 INFO  BCryptPasswordHashing:26 - Đã mã hóa mật khẩu thành công
2023-11-10 09:38:53 INFO  BCryptPasswordHashing:26 - Đã mã hóa mật khẩu thành công
2023-11-10 09:38:54 INFO  BCryptPasswordHashing:26 - Đã mã hóa mật khẩu thành công
2023-11-10 09:38:55 INFO  BCryptPasswordHashing:26 - Đã mã hóa mật khẩu thành công
2023-11-10 09:38:56 INFO  BCryptPasswordHashing:26 - Đã mã hóa mật khẩu thành công
2023-11-10 09:38:57 INFO  BCryptPasswordHashing:26 - Đã mã hóa mật khẩu thành công
2023-11-10 09:38:58 INFO  BCryptPasswordHashing:26 - Đã mã hóa mật khẩu thành công
2023-11-10 18:33:21 INFO  BCryptPasswordHashing:26 - Đã mã hóa mật khẩu thành công
2023-11-10 18:33:37 INFO  BCryptPasswordHashing:26 - Đã mã hóa mật khẩu thành công
=======
2023-11-18 14:21:34 INFO  BCryptPasswordHashing:26 - Đã mã hóa mật khẩu thành công
<<<<<<< HEAD
2023-11-18 21:12:52 INFO  BCryptPasswordHashing:26 - Đã mã hóa mật khẩu thành công
2023-11-18 21:29:18 INFO  BCryptPasswordHashing:26 - Đã mã hóa mật khẩu thành công
=======
<<<<<<< HEAD
2023-11-18 14:32:32 INFO  BCryptPasswordHashing:26 - Đã mã hóa mật khẩu thành công
2023-11-18 14:32:34 INFO  BCryptPasswordHashing:26 - Đã mã hóa mật khẩu thành công
2023-11-18 14:32:35 INFO  BCryptPasswordHashing:26 - Đã mã hóa mật khẩu thành công
2023-11-18 14:32:37 INFO  BCryptPasswordHashing:26 - Đã mã hóa mật khẩu thành công
2023-11-18 14:32:38 INFO  BCryptPasswordHashing:26 - Đã mã hóa mật khẩu thành công
2023-11-18 14:32:40 INFO  BCryptPasswordHashing:26 - Đã mã hóa mật khẩu thành công
2023-11-18 14:32:41 INFO  BCryptPasswordHashing:26 - Đã mã hóa mật khẩu thành công
2023-11-18 14:32:49 INFO  BCryptPasswordHashing:26 - Đã mã hóa mật khẩu thành công
2023-11-18 14:32:50 INFO  BCryptPasswordHashing:26 - Đã mã hóa mật khẩu thành công
2023-11-18 14:32:50 INFO  BCryptPasswordHashing:26 - Đã mã hóa mật khẩu thành công
2023-11-18 14:32:51 INFO  BCryptPasswordHashing:26 - Đã mã hóa mật khẩu thành công
2023-11-18 14:32:51 INFO  BCryptPasswordHashing:26 - Đã mã hóa mật khẩu thành công
2023-11-18 14:32:51 INFO  BCryptPasswordHashing:26 - Đã mã hóa mật khẩu thành công
2023-11-18 14:32:52 INFO  BCryptPasswordHashing:26 - Đã mã hóa mật khẩu thành công
2023-11-18 14:32:52 INFO  BCryptPasswordHashing:26 - Đã mã hóa mật khẩu thành công
2023-11-18 14:32:52 INFO  BCryptPasswordHashing:26 - Đã mã hóa mật khẩu thành công
2023-11-18 14:32:53 INFO  BCryptPasswordHashing:26 - Đã mã hóa mật khẩu thành công
2023-11-18 14:32:53 INFO  BCryptPasswordHashing:26 - Đã mã hóa mật khẩu thành công
2023-11-18 14:32:54 INFO  BCryptPasswordHashing:26 - Đã mã hóa mật khẩu thành công
2023-11-18 14:32:54 INFO  BCryptPasswordHashing:26 - Đã mã hóa mật khẩu thành công
2023-11-18 14:32:59 INFO  BCryptPasswordHashing:26 - Đã mã hóa mật khẩu thành công
2023-11-18 14:33:00 INFO  BCryptPasswordHashing:26 - Đã mã hóa mật khẩu thành công
2023-11-18 14:33:00 INFO  BCryptPasswordHashing:26 - Đã mã hóa mật khẩu thành công
2023-11-18 14:33:00 INFO  BCryptPasswordHashing:26 - Đã mã hóa mật khẩu thành công
2023-11-18 14:33:01 INFO  BCryptPasswordHashing:26 - Đã mã hóa mật khẩu thành công
2023-11-18 14:33:01 INFO  BCryptPasswordHashing:26 - Đã mã hóa mật khẩu thành công
2023-11-18 14:33:01 INFO  BCryptPasswordHashing:26 - Đã mã hóa mật khẩu thành công
2023-11-18 14:33:02 INFO  BCryptPasswordHashing:26 - Đã mã hóa mật khẩu thành công
2023-11-18 14:33:02 INFO  BCryptPasswordHashing:26 - Đã mã hóa mật khẩu thành công
2023-11-18 14:33:03 INFO  BCryptPasswordHashing:26 - Đã mã hóa mật khẩu thành công
2023-11-18 14:33:03 INFO  BCryptPasswordHashing:26 - Đã mã hóa mật khẩu thành công
2023-11-18 14:33:03 INFO  BCryptPasswordHashing:26 - Đã mã hóa mật khẩu thành công
2023-11-18 14:33:04 INFO  BCryptPasswordHashing:26 - Đã mã hóa mật khẩu thành công
2023-11-18 14:33:04 INFO  BCryptPasswordHashing:26 - Đã mã hóa mật khẩu thành công
2023-11-18 14:33:04 INFO  BCryptPasswordHashing:26 - Đã mã hóa mật khẩu thành công
2023-11-18 14:33:05 INFO  BCryptPasswordHashing:26 - Đã mã hóa mật khẩu thành công
2023-11-18 14:33:05 INFO  BCryptPasswordHashing:26 - Đã mã hóa mật khẩu thành công
2023-11-18 14:33:05 INFO  BCryptPasswordHashing:26 - Đã mã hóa mật khẩu thành công
2023-11-18 14:33:06 INFO  BCryptPasswordHashing:26 - Đã mã hóa mật khẩu thành công
2023-11-18 14:33:06 INFO  BCryptPasswordHashing:26 - Đã mã hóa mật khẩu thành công
2023-11-18 14:33:06 INFO  BCryptPasswordHashing:26 - Đã mã hóa mật khẩu thành công
2023-11-18 14:33:07 INFO  BCryptPasswordHashing:26 - Đã mã hóa mật khẩu thành công
2023-11-18 14:33:07 INFO  BCryptPasswordHashing:26 - Đã mã hóa mật khẩu thành công
2023-11-18 14:33:08 INFO  BCryptPasswordHashing:26 - Đã mã hóa mật khẩu thành công
2023-11-18 14:33:08 INFO  BCryptPasswordHashing:26 - Đã mã hóa mật khẩu thành công
2023-11-18 14:33:08 INFO  BCryptPasswordHashing:26 - Đã mã hóa mật khẩu thành công
2023-11-18 14:33:09 INFO  BCryptPasswordHashing:26 - Đã mã hóa mật khẩu thành công
2023-11-18 14:33:09 INFO  BCryptPasswordHashing:26 - Đã mã hóa mật khẩu thành công
2023-11-18 14:33:09 INFO  BCryptPasswordHashing:26 - Đã mã hóa mật khẩu thành công
2023-11-18 14:33:10 INFO  BCryptPasswordHashing:26 - Đã mã hóa mật khẩu thành công
2023-11-18 14:33:10 INFO  BCryptPasswordHashing:26 - Đã mã hóa mật khẩu thành công
2023-11-18 14:33:11 INFO  BCryptPasswordHashing:26 - Đã mã hóa mật khẩu thành công
2023-11-18 14:33:11 INFO  BCryptPasswordHashing:26 - Đã mã hóa mật khẩu thành công
2023-11-18 14:33:11 INFO  BCryptPasswordHashing:26 - Đã mã hóa mật khẩu thành công
2023-11-18 14:33:12 INFO  BCryptPasswordHashing:26 - Đã mã hóa mật khẩu thành công
2023-11-18 14:33:12 INFO  BCryptPasswordHashing:26 - Đã mã hóa mật khẩu thành công
2023-11-18 14:33:12 INFO  BCryptPasswordHashing:26 - Đã mã hóa mật khẩu thành công
2023-11-18 14:33:13 INFO  BCryptPasswordHashing:26 - Đã mã hóa mật khẩu thành công
2023-11-18 14:33:13 INFO  BCryptPasswordHashing:26 - Đã mã hóa mật khẩu thành công
=======
>>>>>>> 906466f13c31e787281cb99cafbfbdd3c0fdcc8b
>>>>>>> 065ef851fe6de350e98242f3248e28c361d08e79
>>>>>>> 7f6ebf2cd8774ae0a2dcb9773fe3c0c1a8f7b778
<<<<<<< HEAD
2023-11-22 11:28:35 INFO  BCryptPasswordHashing:26 - Đã mã hóa mật khẩu thành công
=======
2023-11-20 20:18:33 INFO  BCryptPasswordHashing:26 - Đã mã hóa mật khẩu thành công
<<<<<<< HEAD
2023-11-21 14:17:24 INFO  BCryptPasswordHashing:26 - Đã mã hóa mật khẩu thành công
2023-11-21 14:19:28 INFO  BCryptPasswordHashing:26 - Đã mã hóa mật khẩu thành công
2023-11-21 14:21:41 INFO  BCryptPasswordHashing:26 - Đã mã hóa mật khẩu thành công
2023-11-21 14:21:57 INFO  BCryptPasswordHashing:26 - Đã mã hóa mật khẩu thành công
2023-11-21 14:25:33 INFO  BCryptPasswordHashing:26 - Đã mã hóa mật khẩu thành công
2023-11-23 14:09:19 INFO  BCryptPasswordHashing:26 - Đã mã hóa mật khẩu thành công
2023-11-23 14:10:03 INFO  BCryptPasswordHashing:26 - Đã mã hóa mật khẩu thành công
2023-11-23 14:10:41 INFO  BCryptPasswordHashing:26 - Đã mã hóa mật khẩu thành công
=======
2023-11-21 15:15:32 INFO  BCryptPasswordHashing:26 - Đã mã hóa mật khẩu thành công
2023-11-21 15:18:55 INFO  BCryptPasswordHashing:26 - Đã mã hóa mật khẩu thành công
2023-11-21 15:19:43 INFO  BCryptPasswordHashing:26 - Đã mã hóa mật khẩu thành công
2023-11-22 11:23:48 INFO  BCryptPasswordHashing:26 - Đã mã hóa mật khẩu thành công
2023-11-22 11:26:18 INFO  BCryptPasswordHashing:26 - Đã mã hóa mật khẩu thành công
2023-11-22 11:28:00 INFO  BCryptPasswordHashing:26 - Đã mã hóa mật khẩu thành công
2023-11-22 11:35:10 INFO  BCryptPasswordHashing:26 - Đã mã hóa mật khẩu thành công
2023-11-22 11:39:07 INFO  BCryptPasswordHashing:26 - Đã mã hóa mật khẩu thành công
2023-11-22 11:40:51 INFO  BCryptPasswordHashing:26 - Đã mã hóa mật khẩu thành công
2023-11-22 11:44:42 INFO  BCryptPasswordHashing:26 - Đã mã hóa mật khẩu thành công
2023-11-22 11:47:18 INFO  BCryptPasswordHashing:26 - Đã mã hóa mật khẩu thành công
>>>>>>> a878d5e220498b2e21e08d60e7b2777379e86d84
<<<<<<< HEAD
2023-11-22 16:28:54 INFO  BCryptPasswordHashing:26 - Đã mã hóa mật khẩu thành công
=======
2023-11-22 11:58:19 INFO  BCryptPasswordHashing:26 - Đã mã hóa mật khẩu thành công
2023-11-23 11:22:01 INFO  BCryptPasswordHashing:26 - Đã mã hóa mật khẩu thành công
2023-11-23 12:31:42 INFO  BCryptPasswordHashing:26 - Đã mã hóa mật khẩu thành công
>>>>>>> f8e51966d0eb9d9c369bbb629880f3f931daaf98
>>>>>>> c4c75a88ee3e19ed3ea54b6e3b0b8989cf5fb951
<<<<<<< HEAD
2023-11-23 15:19:27 INFO  BCryptPasswordHashing:26 - Đã mã hóa mật khẩu thành công
2023-11-23 15:20:47 INFO  BCryptPasswordHashing:26 - Đã mã hóa mật khẩu thành công
2023-11-23 15:22:28 INFO  BCryptPasswordHashing:26 - Đã mã hóa mật khẩu thành công
2023-11-23 15:43:44 INFO  BCryptPasswordHashing:26 - Đã mã hóa mật khẩu thành công
2023-11-23 21:50:45 INFO  BCryptPasswordHashing:26 - Đã mã hóa mật khẩu thành công
=======
2023-11-23 15:23:33 INFO  BCryptPasswordHashing:26 - Đã mã hóa mật khẩu thành công
2023-11-23 15:24:00 INFO  BCryptPasswordHashing:26 - Đã mã hóa mật khẩu thành công
>>>>>>> 74b72bc02e06a25c397c48d66d177e6438a3281e
2023-11-24 22:21:34 INFO  BCryptPasswordHashing:26 - Đã mã hóa mật khẩu thành công
2023-11-25 14:15:34 INFO  BCryptPasswordHashing:26 - Đã mã hóa mật khẩu thành công
2023-11-26 15:19:43 INFO  BCryptPasswordHashing:26 - Đã mã hóa mật khẩu thành công
2023-11-26 15:19:56 INFO  BCryptPasswordHashing:26 - Đã mã hóa mật khẩu thành công
2023-11-26 15:20:13 INFO  BCryptPasswordHashing:26 - Đã mã hóa mật khẩu thành công
2023-11-26 15:20:22 INFO  BCryptPasswordHashing:26 - Đã mã hóa mật khẩu thành công
2023-11-26 15:23:34 INFO  BCryptPasswordHashing:26 - Đã mã hóa mật khẩu thành công
2023-11-26 15:23:45 INFO  BCryptPasswordHashing:26 - Đã mã hóa mật khẩu thành công
2023-11-26 15:23:56 INFO  BCryptPasswordHashing:26 - Đã mã hóa mật khẩu thành công
2023-11-26 15:24:03 INFO  BCryptPasswordHashing:26 - Đã mã hóa mật khẩu thành công
2023-11-26 15:24:16 INFO  BCryptPasswordHashing:26 - Đã mã hóa mật khẩu thành công
2023-11-26 15:26:44 INFO  BCryptPasswordHashing:26 - Đã mã hóa mật khẩu thành công
2023-11-26 15:27:48 INFO  BCryptPasswordHashing:26 - Đã mã hóa mật khẩu thành công
2023-11-26 15:54:55 INFO  BCryptPasswordHashing:26 - Đã mã hóa mật khẩu thành công
2023-11-26 16:01:47 INFO  BCryptPasswordHashing:26 - Đã mã hóa mật khẩu thành công
2023-11-26 16:06:15 INFO  BCryptPasswordHashing:26 - Đã mã hóa mật khẩu thành công
2023-11-26 16:10:17 INFO  BCryptPasswordHashing:26 - Đã mã hóa mật khẩu thành công
2023-11-26 16:11:42 INFO  BCryptPasswordHashing:26 - Đã mã hóa mật khẩu thành công
>>>>>>> 763b61dad899fb54b649f11bb73dc2d1ac06396d
2023-12-06 10:58:47 INFO  QuenMatKhauJDialog:42 - Người dùng đã mở form đổi mật khẩu
2023-12-06 10:59:02 INFO  VeJPanel:70 - Người dùng đã mở form vé
2023-12-06 10:59:09 INFO  ThongKeJPanel:45 - Người dùng đã mở form thống kê
2023-12-06 10:59:10 ERROR ThongKeJPanel:90 - Index -1 out of bounds for length 4
2023-12-06 10:59:20 INFO  PhongChieuJPanel:23 - Người dùng đã mở form phòng chiếu
2023-12-06 11:02:32 INFO  QuenMatKhauJDialog:42 - Người dùng đã mở form đổi mật khẩu
2023-12-06 11:02:43 WARN  MainJFrame:100 - Người dùng đã nhập sai mất khẩu: 1 lần
2023-12-06 11:02:59 WARN  MainJFrame:100 - Người dùng đã nhập sai mất khẩu: 2 lần
2023-12-06 11:03:08 WARN  MainJFrame:100 - Người dùng đã nhập sai mất khẩu: 3 lần
2023-12-11 17:21:18 INFO  QuenMatKhauJDialog:42 - Người dùng đã mở form đổi mật khẩu
2023-12-11 17:21:37 INFO  VeJPanel:70 - Người dùng đã mở form vé
2023-12-11 17:21:43 INFO  DanhSachVeJPanel:46 - Người dùng đã mở form danh sách vé
2023-12-11 17:26:30 INFO  QuenMatKhauJDialog:42 - Người dùng đã mở form đổi mật khẩu
2023-12-11 17:26:38 INFO  VeJPanel:70 - Người dùng đã mở form vé
2023-12-11 17:26:42 INFO  DanhSachVeJPanel:46 - Người dùng đã mở form danh sách vé
2023-12-11 17:28:07 INFO  QuenMatKhauJDialog:42 - Người dùng đã mở form đổi mật khẩu
2023-12-11 17:28:18 INFO  VeJPanel:70 - Người dùng đã mở form vé
2023-12-11 17:28:23 INFO  DanhSachVeJPanel:46 - Người dùng đã mở form danh sách vé
2023-12-11 17:31:59 INFO  QuenMatKhauJDialog:42 - Người dùng đã mở form đổi mật khẩu
2023-12-11 17:32:16 INFO  VeJPanel:70 - Người dùng đã mở form vé
2023-12-11 17:32:20 INFO  DanhSachVeJPanel:46 - Người dùng đã mở form danh sách vé
2023-12-11 17:32:54 INFO  QuenMatKhauJDialog:42 - Người dùng đã mở form đổi mật khẩu
2023-12-11 17:33:02 INFO  VeJPanel:70 - Người dùng đã mở form vé
2023-12-11 17:33:06 INFO  DanhSachVeJPanel:46 - Người dùng đã mở form danh sách vé
2023-12-11 17:34:21 INFO  QuenMatKhauJDialog:42 - Người dùng đã mở form đổi mật khẩu
2023-12-11 17:34:29 INFO  VeJPanel:70 - Người dùng đã mở form vé
2023-12-11 17:34:33 INFO  DanhSachVeJPanel:46 - Người dùng đã mở form danh sách vé
2023-12-11 17:39:03 INFO  QuenMatKhauJDialog:42 - Người dùng đã mở form đổi mật khẩu
2023-12-11 17:39:09 INFO  VeJPanel:70 - Người dùng đã mở form vé
2023-12-11 17:39:16 INFO  ThongKeJPanel:42 - Người dùng đã mở form thống kê
2023-12-11 17:39:17 ERROR ThongKeJPanel:87 - Index -1 out of bounds for length 5
2023-12-11 17:42:00 INFO  QuenMatKhauJDialog:42 - Người dùng đã mở form đổi mật khẩu
2023-12-11 17:42:07 INFO  ThongKeJPanel:44 - Người dùng đã mở form thống kê
2023-12-11 17:42:08 ERROR ThongKeJPanel:89 - Index -1 out of bounds for length 5
2023-12-11 17:43:56 INFO  QuenMatKhauJDialog:42 - Người dùng đã mở form đổi mật khẩu
2023-12-11 17:44:02 INFO  ThongKeJPanel:44 - Người dùng đã mở form thống kê
2023-12-11 17:44:03 ERROR ThongKeJPanel:89 - Index -1 out of bounds for length 5
2023-12-11 17:48:05 INFO  QuenMatKhauJDialog:42 - Người dùng đã mở form đổi mật khẩu
2023-12-11 17:48:15 INFO  ThongKeJPanel:44 - Người dùng đã mở form thống kê
2023-12-11 17:48:16 ERROR ThongKeJPanel:89 - Index -1 out of bounds for length 5
2023-12-11 17:53:09 INFO  QuenMatKhauJDialog:42 - Người dùng đã mở form đổi mật khẩu
2023-12-11 17:53:17 INFO  ThongKeJPanel:44 - Người dùng đã mở form thống kê
2023-12-11 17:53:18 ERROR ThongKeJPanel:89 - Index -1 out of bounds for length 5
2023-12-11 17:56:19 INFO  QuenMatKhauJDialog:42 - Người dùng đã mở form đổi mật khẩu
2023-12-11 17:56:25 INFO  ThongKeJPanel:44 - Người dùng đã mở form thống kê
2023-12-11 17:56:26 ERROR ThongKeJPanel:89 - Index -1 out of bounds for length 5
2023-12-11 18:02:08 INFO  QuenMatKhauJDialog:42 - Người dùng đã mở form đổi mật khẩu
2023-12-11 18:02:14 INFO  ThongKeJPanel:44 - Người dùng đã mở form thống kê
2023-12-11 18:02:56 INFO  QuenMatKhauJDialog:42 - Người dùng đã mở form đổi mật khẩu
2023-12-11 18:03:02 INFO  ThongKeJPanel:44 - Người dùng đã mở form thống kê
2023-12-11 18:03:03 ERROR ThongKeJPanel:89 - Index -1 out of bounds for length 5
2023-12-11 18:07:59 INFO  QuenMatKhauJDialog:42 - Người dùng đã mở form đổi mật khẩu
2023-12-11 18:08:05 INFO  ThongKeJPanel:47 - Người dùng đã mở form thống kê
2023-12-11 18:08:59 INFO  QuenMatKhauJDialog:42 - Người dùng đã mở form đổi mật khẩu
2023-12-11 18:09:06 INFO  ThongKeJPanel:47 - Người dùng đã mở form thống kê
2023-12-11 18:09:07 ERROR ThongKeJPanel:96 - Index -1 out of bounds for length 5
2023-12-11 18:10:26 INFO  QuenMatKhauJDialog:42 - Người dùng đã mở form đổi mật khẩu
2023-12-11 18:10:34 INFO  ThongKeJPanel:47 - Người dùng đã mở form thống kê
2023-12-11 18:10:34 ERROR ThongKeJPanel:99 - Index -1 out of bounds for length 5
2023-12-11 18:14:17 INFO  QuenMatKhauJDialog:42 - Người dùng đã mở form đổi mật khẩu
2023-12-11 18:14:24 INFO  ThongKeJPanel:44 - Người dùng đã mở form thống kê
2023-12-11 18:14:24 ERROR ThongKeJPanel:89 - Index -1 out of bounds for length 5
2023-12-11 18:16:10 INFO  QuenMatKhauJDialog:42 - Người dùng đã mở form đổi mật khẩu
2023-12-11 18:16:17 INFO  ThongKeJPanel:44 - Người dùng đã mở form thống kê
2023-12-11 18:16:18 ERROR ThongKeJPanel:89 - Index -1 out of bounds for length 5
2023-12-11 18:17:47 INFO  QuenMatKhauJDialog:42 - Người dùng đã mở form đổi mật khẩu
2023-12-11 18:17:54 INFO  ThongKeJPanel:44 - Người dùng đã mở form thống kê
2023-12-11 18:17:55 ERROR ThongKeJPanel:89 - Index -1 out of bounds for length 5
2023-12-11 18:19:15 INFO  QuenMatKhauJDialog:42 - Người dùng đã mở form đổi mật khẩu
2023-12-11 18:19:21 INFO  ThongKeJPanel:44 - Người dùng đã mở form thống kê
2023-12-11 18:19:22 ERROR ThongKeJPanel:89 - Index -1 out of bounds for length 5
2023-12-11 18:20:28 INFO  QuenMatKhauJDialog:42 - Người dùng đã mở form đổi mật khẩu
2023-12-11 18:20:39 INFO  VeJPanel:70 - Người dùng đã mở form vé
2023-12-11 18:20:50 INFO  DanhSachVeJPanel:46 - Người dùng đã mở form danh sách vé
2023-12-11 18:21:11 INFO  ThongKeJPanel:44 - Người dùng đã mở form thống kê
2023-12-11 18:21:11 ERROR ThongKeJPanel:89 - Index -1 out of bounds for length 5
2023-12-11 18:33:08 INFO  QuenMatKhauJDialog:42 - Người dùng đã mở form đổi mật khẩu
2023-12-11 18:33:14 INFO  ThongKeJPanel:44 - Người dùng đã mở form thống kê
2023-12-11 18:33:15 ERROR ThongKeJPanel:89 - Index -1 out of bounds for length 5
2023-12-11 18:33:18 INFO  VeJPanel:70 - Người dùng đã mở form vé
2023-12-11 18:33:22 INFO  DanhSachVeJPanel:46 - Người dùng đã mở form danh sách vé
2023-12-11 18:34:47 INFO  QuenMatKhauJDialog:42 - Người dùng đã mở form đổi mật khẩu
2023-12-11 18:34:53 INFO  VeJPanel:70 - Người dùng đã mở form vé
2023-12-11 21:01:58 INFO  QuenMatKhauJDialog:42 - Người dùng đã mở form đổi mật khẩu
2023-12-11 21:02:04 INFO  VeJPanel:70 - Người dùng đã mở form vé
2023-12-11 21:02:31 INFO  ThongKeJPanel:44 - Người dùng đã mở form thống kê
2023-12-11 21:02:32 ERROR ThongKeJPanel:89 - Index -1 out of bounds for length 5
2023-12-11 21:05:05 INFO  QuenMatKhauJDialog:42 - Người dùng đã mở form đổi mật khẩu
2023-12-11 21:05:12 INFO  VeJPanel:70 - Người dùng đã mở form vé
2023-12-11 21:05:57 INFO  DatVeJPanel:65 - Người dùng đã mởi form đặt vé
2023-12-11 21:06:03 INFO  DanhSachVeJPanel:46 - Người dùng đã mở form danh sách vé
2023-12-11 21:06:17 INFO  VeJPanel:70 - Người dùng đã mở form vé
2023-12-11 21:06:22 INFO  DatVeJPanel:65 - Người dùng đã mởi form đặt vé
2023-12-11 21:07:05 INFO  QuenMatKhauJDialog:42 - Người dùng đã mở form đổi mật khẩu
2023-12-11 21:07:11 INFO  VeJPanel:70 - Người dùng đã mở form vé
2023-12-11 21:07:16 INFO  DatVeJPanel:65 - Người dùng đã mởi form đặt vé
2023-12-11 21:08:28 INFO  VeJPanel:70 - Người dùng đã mở form vé
2023-12-11 21:08:33 INFO  DatVeJPanel:65 - Người dùng đã mởi form đặt vé
2023-12-11 21:11:59 INFO  QuenMatKhauJDialog:42 - Người dùng đã mở form đổi mật khẩu
2023-12-11 21:12:09 INFO  VeJPanel:70 - Người dùng đã mở form vé
2023-12-11 21:12:13 INFO  DatVeJPanel:65 - Người dùng đã mởi form đặt vé
2023-12-11 21:12:39 INFO  DanhSachVeJPanel:46 - Người dùng đã mở form danh sách vé
2023-12-11 21:15:22 INFO  QuenMatKhauJDialog:42 - Người dùng đã mở form đổi mật khẩu
2023-12-11 21:15:29 INFO  VeJPanel:70 - Người dùng đã mở form vé
2023-12-11 21:15:35 INFO  DatVeJPanel:66 - Người dùng đã mởi form đặt vé
2023-12-11 21:15:51 INFO  DanhSachVeJPanel:46 - Người dùng đã mở form danh sách vé
2023-12-11 21:16:12 INFO  VeJPanel:70 - Người dùng đã mở form vé
2023-12-11 21:18:02 INFO  QuenMatKhauJDialog:42 - Người dùng đã mở form đổi mật khẩu
2023-12-11 21:18:08 INFO  VeJPanel:70 - Người dùng đã mở form vé
2023-12-11 21:18:13 INFO  DatVeJPanel:66 - Người dùng đã mởi form đặt vé
2023-12-11 21:18:57 INFO  QuenMatKhauJDialog:42 - Người dùng đã mở form đổi mật khẩu
2023-12-11 21:19:03 INFO  VeJPanel:70 - Người dùng đã mở form vé
2023-12-11 21:19:07 INFO  DatVeJPanel:65 - Người dùng đã mởi form đặt vé
2023-12-11 21:19:53 INFO  VeJPanel:70 - Người dùng đã mở form vé
2023-12-11 21:19:57 INFO  DatVeJPanel:65 - Người dùng đã mởi form đặt vé
2023-12-11 21:20:49 INFO  QuenMatKhauJDialog:42 - Người dùng đã mở form đổi mật khẩu
2023-12-11 21:20:56 INFO  VeJPanel:70 - Người dùng đã mở form vé
2023-12-11 21:21:04 INFO  DatVeJPanel:65 - Người dùng đã mởi form đặt vé
2023-12-11 21:22:34 INFO  QuenMatKhauJDialog:42 - Người dùng đã mở form đổi mật khẩu
2023-12-11 21:22:40 INFO  VeJPanel:70 - Người dùng đã mở form vé
2023-12-11 21:22:44 INFO  DatVeJPanel:65 - Người dùng đã mởi form đặt vé
2023-12-11 21:23:49 INFO  QuenMatKhauJDialog:42 - Người dùng đã mở form đổi mật khẩu
2023-12-11 21:23:54 INFO  VeJPanel:70 - Người dùng đã mở form vé
2023-12-11 21:23:58 INFO  DatVeJPanel:65 - Người dùng đã mởi form đặt vé
2023-12-11 21:25:28 INFO  QuenMatKhauJDialog:42 - Người dùng đã mở form đổi mật khẩu
2023-12-11 21:25:38 INFO  VeJPanel:70 - Người dùng đã mở form vé
2023-12-11 21:25:43 INFO  DatVeJPanel:65 - Người dùng đã mởi form đặt vé
2023-12-11 21:28:29 INFO  QuenMatKhauJDialog:42 - Người dùng đã mở form đổi mật khẩu
2023-12-11 21:28:36 INFO  VeJPanel:70 - Người dùng đã mở form vé
2023-12-11 21:28:41 INFO  DatVeJPanel:65 - Người dùng đã mởi form đặt vé
2023-12-11 21:34:50 INFO  QuenMatKhauJDialog:42 - Người dùng đã mở form đổi mật khẩu
2023-12-11 21:35:01 INFO  SuatChieuJPanel:44 - Người dùng đã mở form suất chiếu
2023-12-11 21:35:36 INFO  VeJPanel:70 - Người dùng đã mở form vé
2023-12-11 21:35:44 INFO  DatVeJPanel:65 - Người dùng đã mởi form đặt vé
2023-12-11 21:37:34 INFO  QuenMatKhauJDialog:42 - Người dùng đã mở form đổi mật khẩu
2023-12-11 21:37:43 INFO  VeJPanel:70 - Người dùng đã mở form vé
2023-12-11 21:37:47 INFO  DatVeJPanel:66 - Người dùng đã mởi form đặt vé
2023-12-11 21:39:10 INFO  QuenMatKhauJDialog:42 - Người dùng đã mở form đổi mật khẩu
2023-12-11 21:39:16 INFO  VeJPanel:70 - Người dùng đã mở form vé
2023-12-11 21:39:20 INFO  DatVeJPanel:66 - Người dùng đã mởi form đặt vé
2023-12-11 21:40:14 INFO  QuenMatKhauJDialog:42 - Người dùng đã mở form đổi mật khẩu
2023-12-11 21:40:23 INFO  VeJPanel:70 - Người dùng đã mở form vé
2023-12-11 21:40:28 INFO  DatVeJPanel:66 - Người dùng đã mởi form đặt vé
2023-12-11 21:41:01 INFO  QuenMatKhauJDialog:42 - Người dùng đã mở form đổi mật khẩu
2023-12-11 21:41:07 INFO  VeJPanel:70 - Người dùng đã mở form vé
2023-12-11 21:41:11 INFO  DatVeJPanel:66 - Người dùng đã mởi form đặt vé
2023-12-11 21:41:22 ERROR DatVeJPanel:305 - java.sql.SQLIntegrityConstraintViolationException: Cannot add or update a child row: a foreign key constraint fails (`sql12658501`.`Ve`, CONSTRAINT `Ve_ibfk_1` FOREIGN KEY (`SuatChieuID`) REFERENCES `SuatChieu` (`SuatChieuID`))
2023-12-11 21:41:44 INFO  VeJPanel:70 - Người dùng đã mở form vé
2023-12-11 21:41:48 INFO  DatVeJPanel:66 - Người dùng đã mởi form đặt vé
2023-12-11 21:42:01 INFO  VeJPanel:70 - Người dùng đã mở form vé
2023-12-11 21:42:05 INFO  DatVeJPanel:66 - Người dùng đã mởi form đặt vé
2023-12-11 21:42:11 INFO  VeJPanel:70 - Người dùng đã mở form vé
2023-12-11 21:43:07 INFO  QuenMatKhauJDialog:42 - Người dùng đã mở form đổi mật khẩu
2023-12-11 21:43:31 INFO  PhongChieuJPanel:23 - Người dùng đã mở form phòng chiếu
2023-12-11 21:52:05 INFO  QuenMatKhauJDialog:42 - Người dùng đã mở form đổi mật khẩu
2023-12-11 21:52:17 INFO  VeJPanel:70 - Người dùng đã mở form vé
2023-12-11 21:53:05 INFO  SuatChieuJPanel:44 - Người dùng đã mở form suất chiếu
2023-12-11 21:53:33 INFO  VeJPanel:70 - Người dùng đã mở form vé
2023-12-11 21:54:05 INFO  VeJPanel:70 - Người dùng đã mở form vé
2023-12-11 22:00:57 INFO  SuatChieuJPanel:44 - Người dùng đã mở form suất chiếu
2023-12-11 22:28:47 INFO  QuenMatKhauJDialog:42 - Người dùng đã mở form đổi mật khẩu
2023-12-11 22:28:53 INFO  VeJPanel:70 - Người dùng đã mở form vé
2023-12-11 22:42:39 INFO  QuenMatKhauJDialog:42 - Người dùng đã mở form đổi mật khẩu
2023-12-11 22:42:46 INFO  SuatChieuJPanel:44 - Người dùng đã mở form suất chiếu
2023-12-11 22:51:32 INFO  QuenMatKhauJDialog:42 - Người dùng đã mở form đổi mật khẩu
2023-12-11 22:51:42 INFO  VeJPanel:70 - Người dùng đã mở form vé
2023-12-11 22:55:29 INFO  QuenMatKhauJDialog:42 - Người dùng đã mở form đổi mật khẩu
2023-12-11 22:55:37 INFO  VeJPanel:70 - Người dùng đã mở form vé
2023-12-11 22:55:48 INFO  SuatChieuJPanel:44 - Người dùng đã mở form suất chiếu
2023-12-11 22:56:24 INFO  VeJPanel:70 - Người dùng đã mở form vé
